<?xml version="1.0" encoding="UTF-8" ?>
<testsuite tests="6" failures="5" name="com.qa.ims.persistance.doa.CustomerDaoMysqlTest" time="0.486" errors="0" skipped="0">
  <properties>
[...]
</properties>
  <testcase classname="com.qa.ims.persistance.doa.CustomerDaoMysqlTest" name="CreateTest" time="0.308">
    <failure message="expected:&lt;id:1 name:Alexander Hamilton address: 51 Federal St postcode: WL85 D76&gt; but was:&lt;id:14 name:Alexander Hamilton address: 51 Federal St postcode: WL85 D76&gt;" type="java.lang.AssertionError">java.lang.AssertionError: expected:&lt;id:1 name:Alexander Hamilton address: 51 Federal St postcode: WL85 D76&gt; but was:&lt;id:14 name:Alexander Hamilton address: 51 Federal St postcode: WL85 D76&gt;
	at org.junit.Assert.fail(Assert.java:88)
	at org.junit.Assert.failNotEquals(Assert.java:834)
	at org.junit.Assert.assertEquals(Assert.java:118)
	at org.junit.Assert.assertEquals(Assert.java:144)
	at com.qa.ims.persistance.doa.CustomerDaoMysqlTest.CreateTest(CustomerDaoMysqlTest.java:92)
	at java.base/jdk.internal.reflect.NativeMethodAccessorImpl.invoke0(Native Method)
	at java.base/jdk.internal.reflect.NativeMethodAccessorImpl.invoke(NativeMethodAccessorImpl.java:62)
	at java.base/jdk.internal.reflect.DelegatingMethodAccessorImpl.invoke(DelegatingMethodAccessorImpl.java:43)
	at java.base/java.lang.reflect.Method.invoke(Method.java:564)
	at org.junit.runners.model.FrameworkMethod$1.runReflectiveCall(FrameworkMethod.java:50)
	at org.junit.internal.runners.model.ReflectiveCallable.run(ReflectiveCallable.java:12)
	at org.junit.runners.model.FrameworkMethod.invokeExplosively(FrameworkMethod.java:47)
	at org.junit.internal.runners.statements.InvokeMethod.evaluate(InvokeMethod.java:17)
	at org.mockito.internal.runners.DefaultInternalRunner$1$1.evaluate(DefaultInternalRunner.java:46)
	at org.junit.runners.ParentRunner.runLeaf(ParentRunner.java:325)
	at org.junit.runners.BlockJUnit4ClassRunner.runChild(BlockJUnit4ClassRunner.java:78)
	at org.junit.runners.BlockJUnit4ClassRunner.runChild(BlockJUnit4ClassRunner.java:57)
	at org.junit.runners.ParentRunner$3.run(ParentRunner.java:290)
	at org.junit.runners.ParentRunner$1.schedule(ParentRunner.java:71)
	at org.junit.runners.ParentRunner.runChildren(ParentRunner.java:288)
	at org.junit.runners.ParentRunner.access$000(ParentRunner.java:58)
	at org.junit.runners.ParentRunner$2.evaluate(ParentRunner.java:268)
	at org.junit.internal.runners.statements.RunBefores.evaluate(RunBefores.java:26)
	at org.junit.internal.runners.statements.RunAfters.evaluate(RunAfters.java:27)
	at org.junit.runners.ParentRunner.run(ParentRunner.java:363)
	at org.mockito.internal.runners.DefaultInternalRunner$1.run(DefaultInternalRunner.java:77)
	at org.mockito.internal.runners.DefaultInternalRunner.run(DefaultInternalRunner.java:83)
	at org.mockito.internal.runners.StrictRunner.run(StrictRunner.java:39)
	at org.mockito.junit.MockitoJUnitRunner.run(MockitoJUnitRunner.java:163)
	at org.apache.maven.surefire.junit4.JUnit4Provider.execute(JUnit4Provider.java:252)
	at org.apache.maven.surefire.junit4.JUnit4Provider.executeTestSet(JUnit4Provider.java:141)
	at org.apache.maven.surefire.junit4.JUnit4Provider.invoke(JUnit4Provider.java:112)
	at java.base/jdk.internal.reflect.NativeMethodAccessorImpl.invoke0(Native Method)
	at java.base/jdk.internal.reflect.NativeMethodAccessorImpl.invoke(NativeMethodAccessorImpl.java:62)
	at java.base/jdk.internal.reflect.DelegatingMethodAccessorImpl.invoke(DelegatingMethodAccessorImpl.java:43)
	at java.base/java.lang.reflect.Method.invoke(Method.java:564)
	at org.apache.maven.surefire.util.ReflectionUtils.invokeMethodWithArray(ReflectionUtils.java:189)
	at org.apache.maven.surefire.booter.ProviderFactory$ProviderProxy.invoke(ProviderFactory.java:165)
	at org.apache.maven.surefire.booter.ProviderFactory.invokeProvider(ProviderFactory.java:85)
	at org.apache.maven.surefire.booter.ForkedBooter.runSuitesInProcess(ForkedBooter.java:115)
	at org.apache.maven.surefire.booter.ForkedBooter.main(ForkedBooter.java:75)
</failure>
    <system-out>DEBUG - com.mysql.cj.jdbc.exceptions.SQLError.createSQLException(SQLError.java:129)
DEBUG - com.mysql.cj.jdbc.exceptions.SQLError.createSQLException(SQLError.java:97)
DEBUG - com.mysql.cj.jdbc.exceptions.SQLError.createSQLException(SQLError.java:89)
DEBUG - com.mysql.cj.jdbc.exceptions.SQLError.createSQLException(SQLError.java:63)
DEBUG - com.mysql.cj.jdbc.StatementImpl.checkNullOrEmptyQuery(StatementImpl.java:387)
DEBUG - com.mysql.cj.jdbc.StatementImpl.executeUpdateInternal(StatementImpl.java:1252)
DEBUG - com.mysql.cj.jdbc.StatementImpl.executeLargeUpdate(StatementImpl.java:2108)
DEBUG - com.mysql.cj.jdbc.StatementImpl.executeUpdate(StatementImpl.java:1245)
DEBUG - com.qa.ims.Ims.init(Ims.java:130)
DEBUG - com.qa.ims.persistance.doa.CustomerDaoMysqlTest.aInit(CustomerDaoMysqlTest.java:69)
DEBUG - java.base/jdk.internal.reflect.NativeMethodAccessorImpl.invoke0(Native Method)
DEBUG - java.base/jdk.internal.reflect.NativeMethodAccessorImpl.invoke(NativeMethodAccessorImpl.java:62)
DEBUG - java.base/jdk.internal.reflect.DelegatingMethodAccessorImpl.invoke(DelegatingMethodAccessorImpl.java:43)
DEBUG - java.base/java.lang.reflect.Method.invoke(Method.java:564)
DEBUG - org.junit.runners.model.FrameworkMethod$1.runReflectiveCall(FrameworkMethod.java:50)
DEBUG - org.junit.internal.runners.model.ReflectiveCallable.run(ReflectiveCallable.java:12)
DEBUG - org.junit.runners.model.FrameworkMethod.invokeExplosively(FrameworkMethod.java:47)
DEBUG - org.junit.internal.runners.statements.RunBefores.evaluate(RunBefores.java:24)
DEBUG - org.junit.internal.runners.statements.RunAfters.evaluate(RunAfters.java:27)
DEBUG - org.junit.runners.ParentRunner.run(ParentRunner.java:363)
DEBUG - org.mockito.internal.runners.DefaultInternalRunner$1.run(DefaultInternalRunner.java:77)
DEBUG - org.mockito.internal.runners.DefaultInternalRunner.run(DefaultInternalRunner.java:83)
DEBUG - org.mockito.internal.runners.StrictRunner.run(StrictRunner.java:39)
DEBUG - org.mockito.junit.MockitoJUnitRunner.run(MockitoJUnitRunner.java:163)
DEBUG - org.apache.maven.surefire.junit4.JUnit4Provider.execute(JUnit4Provider.java:252)
DEBUG - org.apache.maven.surefire.junit4.JUnit4Provider.executeTestSet(JUnit4Provider.java:141)
DEBUG - org.apache.maven.surefire.junit4.JUnit4Provider.invoke(JUnit4Provider.java:112)
DEBUG - java.base/jdk.internal.reflect.NativeMethodAccessorImpl.invoke0(Native Method)
DEBUG - java.base/jdk.internal.reflect.NativeMethodAccessorImpl.invoke(NativeMethodAccessorImpl.java:62)
DEBUG - java.base/jdk.internal.reflect.DelegatingMethodAccessorImpl.invoke(DelegatingMethodAccessorImpl.java:43)
DEBUG - java.base/java.lang.reflect.Method.invoke(Method.java:564)
DEBUG - org.apache.maven.surefire.util.ReflectionUtils.invokeMethodWithArray(ReflectionUtils.java:189)
DEBUG - org.apache.maven.surefire.booter.ProviderFactory$ProviderProxy.invoke(ProviderFactory.java:165)
DEBUG - org.apache.maven.surefire.booter.ProviderFactory.invokeProvider(ProviderFactory.java:85)
DEBUG - org.apache.maven.surefire.booter.ForkedBooter.runSuitesInProcess(ForkedBooter.java:115)
DEBUG - org.apache.maven.surefire.booter.ForkedBooter.main(ForkedBooter.java:75)
ERROR - Can not issue empty query.
DEBUG - id:13 name:Alexander Hamilton address: 51 Federal St postcode: WL85 D76
</system-out>
  </testcase>
  <testcase classname="com.qa.ims.persistance.doa.CustomerDaoMysqlTest" name="cReadAllTest" time="0.027">
    <failure message="expected:&lt;[id:1 name:Alexander Hamilton address: 51 Federal St postcode: WL85 D76, id:2 name:Sweeny Todd address: Barber Dr postcode: SW56 5NK, id:3 name:Sideshow Bob address: 23 Perry Ln postcode: SW56 5NK]&gt; but was:&lt;[id:1 name:Alexander Hamilton address: 51 Federal St postcode: WL85 D76, id:2 name:Alexander Hamilton address: 51 Federal St postcode: WL85 D76, id:4 name:Alexander Hamilton address: 51 Federal St postcode: WL85 D76, id:5 name:Alexander Hamilton address: 51 Federal St postcode: WL85 D76, id:6 name:Alexander Hamilton address: 51 Federal St postcode: WL85 D76, id:7 name:Alexander Hamilton address: 51 Federal St postcode: WL85 D76, id:8 name:Alexander Hamilton address: 51 Federal St postcode: WL85 D76, id:9 name:Alexander Hamilton address: 51 Federal St postcode: WL85 D76, id:10 name:Alexander Hamilton address: 51 Federal St postcode: WL85 D76, id:11 name:Alexander Hamilton address: 51 Federal St postcode: WL85 D76, id:12 name:Alexander Hamilton address: 51 Federal St postcode: WL85 D76, id:13 name:Alexander Hamilton address: 51 Federal St postcode: WL85 D76, id:14 name:Alexander Hamilton address: 51 Federal St postcode: WL85 D76]&gt;" type="java.lang.AssertionError">java.lang.AssertionError: expected:&lt;[id:1 name:Alexander Hamilton address: 51 Federal St postcode: WL85 D76, id:2 name:Sweeny Todd address: Barber Dr postcode: SW56 5NK, id:3 name:Sideshow Bob address: 23 Perry Ln postcode: SW56 5NK]&gt; but was:&lt;[id:1 name:Alexander Hamilton address: 51 Federal St postcode: WL85 D76, id:2 name:Alexander Hamilton address: 51 Federal St postcode: WL85 D76, id:4 name:Alexander Hamilton address: 51 Federal St postcode: WL85 D76, id:5 name:Alexander Hamilton address: 51 Federal St postcode: WL85 D76, id:6 name:Alexander Hamilton address: 51 Federal St postcode: WL85 D76, id:7 name:Alexander Hamilton address: 51 Federal St postcode: WL85 D76, id:8 name:Alexander Hamilton address: 51 Federal St postcode: WL85 D76, id:9 name:Alexander Hamilton address: 51 Federal St postcode: WL85 D76, id:10 name:Alexander Hamilton address: 51 Federal St postcode: WL85 D76, id:11 name:Alexander Hamilton address: 51 Federal St postcode: WL85 D76, id:12 name:Alexander Hamilton address: 51 Federal St postcode: WL85 D76, id:13 name:Alexander Hamilton address: 51 Federal St postcode: WL85 D76, id:14 name:Alexander Hamilton address: 51 Federal St postcode: WL85 D76]&gt;
	at org.junit.Assert.fail(Assert.java:88)
	at org.junit.Assert.failNotEquals(Assert.java:834)
	at org.junit.Assert.assertEquals(Assert.java:118)
	at org.junit.Assert.assertEquals(Assert.java:144)
	at com.qa.ims.persistance.doa.CustomerDaoMysqlTest.cReadAllTest(CustomerDaoMysqlTest.java:106)
	at java.base/jdk.internal.reflect.NativeMethodAccessorImpl.invoke0(Native Method)
	at java.base/jdk.internal.reflect.NativeMethodAccessorImpl.invoke(NativeMethodAccessorImpl.java:62)
	at java.base/jdk.internal.reflect.DelegatingMethodAccessorImpl.invoke(DelegatingMethodAccessorImpl.java:43)
	at java.base/java.lang.reflect.Method.invoke(Method.java:564)
	at org.junit.runners.model.FrameworkMethod$1.runReflectiveCall(FrameworkMethod.java:50)
	at org.junit.internal.runners.model.ReflectiveCallable.run(ReflectiveCallable.java:12)
	at org.junit.runners.model.FrameworkMethod.invokeExplosively(FrameworkMethod.java:47)
	at org.junit.internal.runners.statements.InvokeMethod.evaluate(InvokeMethod.java:17)
	at org.mockito.internal.runners.DefaultInternalRunner$1$1.evaluate(DefaultInternalRunner.java:46)
	at org.junit.runners.ParentRunner.runLeaf(ParentRunner.java:325)
	at org.junit.runners.BlockJUnit4ClassRunner.runChild(BlockJUnit4ClassRunner.java:78)
	at org.junit.runners.BlockJUnit4ClassRunner.runChild(BlockJUnit4ClassRunner.java:57)
	at org.junit.runners.ParentRunner$3.run(ParentRunner.java:290)
	at org.junit.runners.ParentRunner$1.schedule(ParentRunner.java:71)
	at org.junit.runners.ParentRunner.runChildren(ParentRunner.java:288)
	at org.junit.runners.ParentRunner.access$000(ParentRunner.java:58)
	at org.junit.runners.ParentRunner$2.evaluate(ParentRunner.java:268)
	at org.junit.internal.runners.statements.RunBefores.evaluate(RunBefores.java:26)
	at org.junit.internal.runners.statements.RunAfters.evaluate(RunAfters.java:27)
	at org.junit.runners.ParentRunner.run(ParentRunner.java:363)
	at org.mockito.internal.runners.DefaultInternalRunner$1.run(DefaultInternalRunner.java:77)
	at org.mockito.internal.runners.DefaultInternalRunner.run(DefaultInternalRunner.java:83)
	at org.mockito.internal.runners.StrictRunner.run(StrictRunner.java:39)
	at org.mockito.junit.MockitoJUnitRunner.run(MockitoJUnitRunner.java:163)
	at org.apache.maven.surefire.junit4.JUnit4Provider.execute(JUnit4Provider.java:252)
	at org.apache.maven.surefire.junit4.JUnit4Provider.executeTestSet(JUnit4Provider.java:141)
	at org.apache.maven.surefire.junit4.JUnit4Provider.invoke(JUnit4Provider.java:112)
	at java.base/jdk.internal.reflect.NativeMethodAccessorImpl.invoke0(Native Method)
	at java.base/jdk.internal.reflect.NativeMethodAccessorImpl.invoke(NativeMethodAccessorImpl.java:62)
	at java.base/jdk.internal.reflect.DelegatingMethodAccessorImpl.invoke(DelegatingMethodAccessorImpl.java:43)
	at java.base/java.lang.reflect.Method.invoke(Method.java:564)
	at org.apache.maven.surefire.util.ReflectionUtils.invokeMethodWithArray(ReflectionUtils.java:189)
	at org.apache.maven.surefire.booter.ProviderFactory$ProviderProxy.invoke(ProviderFactory.java:165)
	at org.apache.maven.surefire.booter.ProviderFactory.invokeProvider(ProviderFactory.java:85)
	at org.apache.maven.surefire.booter.ForkedBooter.runSuitesInProcess(ForkedBooter.java:115)
	at org.apache.maven.surefire.booter.ForkedBooter.main(ForkedBooter.java:75)
</failure>
  </testcase>
  <testcase classname="com.qa.ims.persistance.doa.CustomerDaoMysqlTest" name="dReadLatestTest" time="0.033">
    <failure message="expected:&lt;id:3 name:null address: null postcode: null&gt; but was:&lt;id:14 name:Alexander Hamilton address: 51 Federal St postcode: WL85 D76&gt;" type="java.lang.AssertionError">java.lang.AssertionError: expected:&lt;id:3 name:null address: null postcode: null&gt; but was:&lt;id:14 name:Alexander Hamilton address: 51 Federal St postcode: WL85 D76&gt;
	at org.junit.Assert.fail(Assert.java:88)
	at org.junit.Assert.failNotEquals(Assert.java:834)
	at org.junit.Assert.assertEquals(Assert.java:118)
	at org.junit.Assert.assertEquals(Assert.java:144)
	at com.qa.ims.persistance.doa.CustomerDaoMysqlTest.dReadLatestTest(CustomerDaoMysqlTest.java:114)
	at java.base/jdk.internal.reflect.NativeMethodAccessorImpl.invoke0(Native Method)
	at java.base/jdk.internal.reflect.NativeMethodAccessorImpl.invoke(NativeMethodAccessorImpl.java:62)
	at java.base/jdk.internal.reflect.DelegatingMethodAccessorImpl.invoke(DelegatingMethodAccessorImpl.java:43)
	at java.base/java.lang.reflect.Method.invoke(Method.java:564)
	at org.junit.runners.model.FrameworkMethod$1.runReflectiveCall(FrameworkMethod.java:50)
	at org.junit.internal.runners.model.ReflectiveCallable.run(ReflectiveCallable.java:12)
	at org.junit.runners.model.FrameworkMethod.invokeExplosively(FrameworkMethod.java:47)
	at org.junit.internal.runners.statements.InvokeMethod.evaluate(InvokeMethod.java:17)
	at org.mockito.internal.runners.DefaultInternalRunner$1$1.evaluate(DefaultInternalRunner.java:46)
	at org.junit.runners.ParentRunner.runLeaf(ParentRunner.java:325)
	at org.junit.runners.BlockJUnit4ClassRunner.runChild(BlockJUnit4ClassRunner.java:78)
	at org.junit.runners.BlockJUnit4ClassRunner.runChild(BlockJUnit4ClassRunner.java:57)
	at org.junit.runners.ParentRunner$3.run(ParentRunner.java:290)
	at org.junit.runners.ParentRunner$1.schedule(ParentRunner.java:71)
	at org.junit.runners.ParentRunner.runChildren(ParentRunner.java:288)
	at org.junit.runners.ParentRunner.access$000(ParentRunner.java:58)
	at org.junit.runners.ParentRunner$2.evaluate(ParentRunner.java:268)
	at org.junit.internal.runners.statements.RunBefores.evaluate(RunBefores.java:26)
	at org.junit.internal.runners.statements.RunAfters.evaluate(RunAfters.java:27)
	at org.junit.runners.ParentRunner.run(ParentRunner.java:363)
	at org.mockito.internal.runners.DefaultInternalRunner$1.run(DefaultInternalRunner.java:77)
	at org.mockito.internal.runners.DefaultInternalRunner.run(DefaultInternalRunner.java:83)
	at org.mockito.internal.runners.StrictRunner.run(StrictRunner.java:39)
	at org.mockito.junit.MockitoJUnitRunner.run(MockitoJUnitRunner.java:163)
	at org.apache.maven.surefire.junit4.JUnit4Provider.execute(JUnit4Provider.java:252)
	at org.apache.maven.surefire.junit4.JUnit4Provider.executeTestSet(JUnit4Provider.java:141)
	at org.apache.maven.surefire.junit4.JUnit4Provider.invoke(JUnit4Provider.java:112)
	at java.base/jdk.internal.reflect.NativeMethodAccessorImpl.invoke0(Native Method)
	at java.base/jdk.internal.reflect.NativeMethodAccessorImpl.invoke(NativeMethodAccessorImpl.java:62)
	at java.base/jdk.internal.reflect.DelegatingMethodAccessorImpl.invoke(DelegatingMethodAccessorImpl.java:43)
	at java.base/java.lang.reflect.Method.invoke(Method.java:564)
	at org.apache.maven.surefire.util.ReflectionUtils.invokeMethodWithArray(ReflectionUtils.java:189)
	at org.apache.maven.surefire.booter.ProviderFactory$ProviderProxy.invoke(ProviderFactory.java:165)
	at org.apache.maven.surefire.booter.ProviderFactory.invokeProvider(ProviderFactory.java:85)
	at org.apache.maven.surefire.booter.ForkedBooter.runSuitesInProcess(ForkedBooter.java:115)
	at org.apache.maven.surefire.booter.ForkedBooter.main(ForkedBooter.java:75)
</failure>
  </testcase>
  <testcase classname="com.qa.ims.persistance.doa.CustomerDaoMysqlTest" name="eReadCustomerTest" time="0.029">
    <failure message="expected:&lt;id:2 name:Sweeny Todd address: Barber Dr postcode: SW56 5NK&gt; but was:&lt;id:2 name:Alexander Hamilton address: 51 Federal St postcode: WL85 D76&gt;" type="java.lang.AssertionError">java.lang.AssertionError: expected:&lt;id:2 name:Sweeny Todd address: Barber Dr postcode: SW56 5NK&gt; but was:&lt;id:2 name:Alexander Hamilton address: 51 Federal St postcode: WL85 D76&gt;
	at org.junit.Assert.fail(Assert.java:88)
	at org.junit.Assert.failNotEquals(Assert.java:834)
	at org.junit.Assert.assertEquals(Assert.java:118)
	at org.junit.Assert.assertEquals(Assert.java:144)
	at com.qa.ims.persistance.doa.CustomerDaoMysqlTest.eReadCustomerTest(CustomerDaoMysqlTest.java:122)
	at java.base/jdk.internal.reflect.NativeMethodAccessorImpl.invoke0(Native Method)
	at java.base/jdk.internal.reflect.NativeMethodAccessorImpl.invoke(NativeMethodAccessorImpl.java:62)
	at java.base/jdk.internal.reflect.DelegatingMethodAccessorImpl.invoke(DelegatingMethodAccessorImpl.java:43)
	at java.base/java.lang.reflect.Method.invoke(Method.java:564)
	at org.junit.runners.model.FrameworkMethod$1.runReflectiveCall(FrameworkMethod.java:50)
	at org.junit.internal.runners.model.ReflectiveCallable.run(ReflectiveCallable.java:12)
	at org.junit.runners.model.FrameworkMethod.invokeExplosively(FrameworkMethod.java:47)
	at org.junit.internal.runners.statements.InvokeMethod.evaluate(InvokeMethod.java:17)
	at org.mockito.internal.runners.DefaultInternalRunner$1$1.evaluate(DefaultInternalRunner.java:46)
	at org.junit.runners.ParentRunner.runLeaf(ParentRunner.java:325)
	at org.junit.runners.BlockJUnit4ClassRunner.runChild(BlockJUnit4ClassRunner.java:78)
	at org.junit.runners.BlockJUnit4ClassRunner.runChild(BlockJUnit4ClassRunner.java:57)
	at org.junit.runners.ParentRunner$3.run(ParentRunner.java:290)
	at org.junit.runners.ParentRunner$1.schedule(ParentRunner.java:71)
	at org.junit.runners.ParentRunner.runChildren(ParentRunner.java:288)
	at org.junit.runners.ParentRunner.access$000(ParentRunner.java:58)
	at org.junit.runners.ParentRunner$2.evaluate(ParentRunner.java:268)
	at org.junit.internal.runners.statements.RunBefores.evaluate(RunBefores.java:26)
	at org.junit.internal.runners.statements.RunAfters.evaluate(RunAfters.java:27)
	at org.junit.runners.ParentRunner.run(ParentRunner.java:363)
	at org.mockito.internal.runners.DefaultInternalRunner$1.run(DefaultInternalRunner.java:77)
	at org.mockito.internal.runners.DefaultInternalRunner.run(DefaultInternalRunner.java:83)
	at org.mockito.internal.runners.StrictRunner.run(StrictRunner.java:39)
	at org.mockito.junit.MockitoJUnitRunner.run(MockitoJUnitRunner.java:163)
	at org.apache.maven.surefire.junit4.JUnit4Provider.execute(JUnit4Provider.java:252)
	at org.apache.maven.surefire.junit4.JUnit4Provider.executeTestSet(JUnit4Provider.java:141)
	at org.apache.maven.surefire.junit4.JUnit4Provider.invoke(JUnit4Provider.java:112)
	at java.base/jdk.internal.reflect.NativeMethodAccessorImpl.invoke0(Native Method)
	at java.base/jdk.internal.reflect.NativeMethodAccessorImpl.invoke(NativeMethodAccessorImpl.java:62)
	at java.base/jdk.internal.reflect.DelegatingMethodAccessorImpl.invoke(DelegatingMethodAccessorImpl.java:43)
	at java.base/java.lang.reflect.Method.invoke(Method.java:564)
	at org.apache.maven.surefire.util.ReflectionUtils.invokeMethodWithArray(ReflectionUtils.java:189)
	at org.apache.maven.surefire.booter.ProviderFactory$ProviderProxy.invoke(ProviderFactory.java:165)
	at org.apache.maven.surefire.booter.ProviderFactory.invokeProvider(ProviderFactory.java:85)
	at org.apache.maven.surefire.booter.ForkedBooter.runSuitesInProcess(ForkedBooter.java:115)
	at org.apache.maven.surefire.booter.ForkedBooter.main(ForkedBooter.java:75)
</failure>
  </testcase>
  <testcase classname="com.qa.ims.persistance.doa.CustomerDaoMysqlTest" name="fUpdateTest" time="0.041"/>
  <testcase classname="com.qa.ims.persistance.doa.CustomerDaoMysqlTest" name="gDeleteTest" time="0.048">
    <failure message="expected:&lt;[id:3 name:Sideshow Bob address: 23 Perry Ln postcode: SW56 5NK]&gt; but was:&lt;[id:1 name:Alexander Hamilton address: 51 Federal St postcode: WL85 D76, id:2 name:Alexander Hamilton address: 51 Federal St postcode: WL85 D76, id:4 name:Alexander Hamilton address: 51 Federal St postcode: WL85 D76, id:5 name:Alexander Hamilton address: 51 Federal St postcode: WL85 D76, id:6 name:Alexander Hamilton address: 51 Federal St postcode: WL85 D76, id:7 name:Alexander Hamilton address: 51 Federal St postcode: WL85 D76, id:8 name:Alexander Hamilton address: 51 Federal St postcode: WL85 D76, id:9 name:Alexander Hamilton address: 51 Federal St postcode: WL85 D76, id:10 name:Alexander Hamilton address: 51 Federal St postcode: WL85 D76, id:11 name:Alexander Hamilton address: 51 Federal St postcode: WL85 D76, id:12 name:Alexander Hamilton address: 51 Federal St postcode: WL85 D76, id:13 name:Alexander Hamilton address: 51 Federal St postcode: WL85 D76, id:14 name:Alexander Hamilton address: 51 Federal St postcode: WL85 D76]&gt;" type="java.lang.AssertionError">java.lang.AssertionError: expected:&lt;[id:3 name:Sideshow Bob address: 23 Perry Ln postcode: SW56 5NK]&gt; but was:&lt;[id:1 name:Alexander Hamilton address: 51 Federal St postcode: WL85 D76, id:2 name:Alexander Hamilton address: 51 Federal St postcode: WL85 D76, id:4 name:Alexander Hamilton address: 51 Federal St postcode: WL85 D76, id:5 name:Alexander Hamilton address: 51 Federal St postcode: WL85 D76, id:6 name:Alexander Hamilton address: 51 Federal St postcode: WL85 D76, id:7 name:Alexander Hamilton address: 51 Federal St postcode: WL85 D76, id:8 name:Alexander Hamilton address: 51 Federal St postcode: WL85 D76, id:9 name:Alexander Hamilton address: 51 Federal St postcode: WL85 D76, id:10 name:Alexander Hamilton address: 51 Federal St postcode: WL85 D76, id:11 name:Alexander Hamilton address: 51 Federal St postcode: WL85 D76, id:12 name:Alexander Hamilton address: 51 Federal St postcode: WL85 D76, id:13 name:Alexander Hamilton address: 51 Federal St postcode: WL85 D76, id:14 name:Alexander Hamilton address: 51 Federal St postcode: WL85 D76]&gt;
	at org.junit.Assert.fail(Assert.java:88)
	at org.junit.Assert.failNotEquals(Assert.java:834)
	at org.junit.Assert.assertEquals(Assert.java:118)
	at org.junit.Assert.assertEquals(Assert.java:144)
	at com.qa.ims.persistance.doa.CustomerDaoMysqlTest.gDeleteTest(CustomerDaoMysqlTest.java:152)
	at java.base/jdk.internal.reflect.NativeMethodAccessorImpl.invoke0(Native Method)
	at java.base/jdk.internal.reflect.NativeMethodAccessorImpl.invoke(NativeMethodAccessorImpl.java:62)
	at java.base/jdk.internal.reflect.DelegatingMethodAccessorImpl.invoke(DelegatingMethodAccessorImpl.java:43)
	at java.base/java.lang.reflect.Method.invoke(Method.java:564)
	at org.junit.runners.model.FrameworkMethod$1.runReflectiveCall(FrameworkMethod.java:50)
	at org.junit.internal.runners.model.ReflectiveCallable.run(ReflectiveCallable.java:12)
	at org.junit.runners.model.FrameworkMethod.invokeExplosively(FrameworkMethod.java:47)
	at org.junit.internal.runners.statements.InvokeMethod.evaluate(InvokeMethod.java:17)
	at org.mockito.internal.runners.DefaultInternalRunner$1$1.evaluate(DefaultInternalRunner.java:46)
	at org.junit.runners.ParentRunner.runLeaf(ParentRunner.java:325)
	at org.junit.runners.BlockJUnit4ClassRunner.runChild(BlockJUnit4ClassRunner.java:78)
	at org.junit.runners.BlockJUnit4ClassRunner.runChild(BlockJUnit4ClassRunner.java:57)
	at org.junit.runners.ParentRunner$3.run(ParentRunner.java:290)
	at org.junit.runners.ParentRunner$1.schedule(ParentRunner.java:71)
	at org.junit.runners.ParentRunner.runChildren(ParentRunner.java:288)
	at org.junit.runners.ParentRunner.access$000(ParentRunner.java:58)
	at org.junit.runners.ParentRunner$2.evaluate(ParentRunner.java:268)
	at org.junit.internal.runners.statements.RunBefores.evaluate(RunBefores.java:26)
	at org.junit.internal.runners.statements.RunAfters.evaluate(RunAfters.java:27)
	at org.junit.runners.ParentRunner.run(ParentRunner.java:363)
	at org.mockito.internal.runners.DefaultInternalRunner$1.run(DefaultInternalRunner.java:77)
	at org.mockito.internal.runners.DefaultInternalRunner.run(DefaultInternalRunner.java:83)
	at org.mockito.internal.runners.StrictRunner.run(StrictRunner.java:39)
	at org.mockito.junit.MockitoJUnitRunner.run(MockitoJUnitRunner.java:163)
	at org.apache.maven.surefire.junit4.JUnit4Provider.execute(JUnit4Provider.java:252)
	at org.apache.maven.surefire.junit4.JUnit4Provider.executeTestSet(JUnit4Provider.java:141)
	at org.apache.maven.surefire.junit4.JUnit4Provider.invoke(JUnit4Provider.java:112)
	at java.base/jdk.internal.reflect.NativeMethodAccessorImpl.invoke0(Native Method)
	at java.base/jdk.internal.reflect.NativeMethodAccessorImpl.invoke(NativeMethodAccessorImpl.java:62)
	at java.base/jdk.internal.reflect.DelegatingMethodAccessorImpl.invoke(DelegatingMethodAccessorImpl.java:43)
	at java.base/java.lang.reflect.Method.invoke(Method.java:564)
	at org.apache.maven.surefire.util.ReflectionUtils.invokeMethodWithArray(ReflectionUtils.java:189)
	at org.apache.maven.surefire.booter.ProviderFactory$ProviderProxy.invoke(ProviderFactory.java:165)
	at org.apache.maven.surefire.booter.ProviderFactory.invokeProvider(ProviderFactory.java:85)
	at org.apache.maven.surefire.booter.ForkedBooter.runSuitesInProcess(ForkedBooter.java:115)
	at org.apache.maven.surefire.booter.ForkedBooter.main(ForkedBooter.java:75)
</failure>
  </testcase>
</testsuite>